<?xml version="1.0" encoding="UTF-8"?>
<!-- Generated by org.testng.reporters.JUnitXMLReporter -->
<testsuite ignored="0" hostname="DESKTOP-4P9AAFC" failures="0" tests="9" name="Default test" time="512.371" errors="0" timestamp="2021-11-16T20:35:02 IST">
  <testcase classname="rediffpomTest.Login_HmapExternalDataDriven" name="f" time="40.861"/>
  <testcase classname="rediffpomTest.Login_HmapExternalDataDriven" name="f" time="8.283"/>
  <testcase classname="rediffpomTest.Login_HmapExternalDataDriven" name="f" time="56.854"/>
  <testcase classname="rediffpomTest.Login_HmapExternalDataDriven" name="f" time="8.864"/>
  <testcase classname="rediffpomTest.Login_HmapExternalDataDriven" name="f" time="29.623"/>
  <testcase classname="rediffpomTest.Login_HmapExternalDataDriven" name="f" time="303.669"/>
  <testcase classname="rediffpomTest.Login_HmapExternalDataDriven" name="f" time="12.24"/>
  <testcase classname="rediffpomTest.Login_HmapExternalDataDriven" name="f" time="32.467"/>
  <testcase classname="rediffpomTest.Login_HmapExternalDataDriven" name="f" time="9.341"/>
</testsuite> <!-- Default test -->
