<?xml version="1.0" encoding="UTF-8"?>
<testng-results ignored="0" total="9" passed="9" failed="0" skipped="0">
  <reporter-output>
  </reporter-output>
  <suite started-at="2021-11-16T20:26:29 IST" name="Default suite" finished-at="2021-11-16T20:35:02 IST" duration-ms="512371">
    <groups>
    </groups>
    <test started-at="2021-11-16T20:26:29 IST" name="Default test" finished-at="2021-11-16T20:35:02 IST" duration-ms="512371">
      <class name="rediffpomTest.Login_HmapExternalDataDriven">
        <test-method is-config="true" signature="beforeMethod()[pri:0, instance:rediffpomTest.Login_HmapExternalDataDriven@543588e6]" started-at="2021-11-16T20:26:30 IST" name="beforeMethod" finished-at="2021-11-16T20:26:31 IST" duration-ms="568" status="PASS">
          <reporter-output>
          </reporter-output>
        </test-method> <!-- beforeMethod -->
        <test-method signature="f(java.util.HashMap)[pri:0, instance:rediffpomTest.Login_HmapExternalDataDriven@543588e6]" started-at="2021-11-16T20:26:31 IST" name="f" data-provider="dp" finished-at="2021-11-16T20:27:12 IST" duration-ms="40861" status="PASS">
          <params>
            <param index="0">
              <value>
                <![CDATA[{UserName=Steve1, Password=Apple5}]]>
              </value>
            </param>
          </params>
          <reporter-output>
          </reporter-output>
        </test-method> <!-- f -->
        <test-method is-config="true" signature="afterMethod()[pri:0, instance:rediffpomTest.Login_HmapExternalDataDriven@543588e6]" started-at="2021-11-16T20:27:12 IST" name="afterMethod" finished-at="2021-11-16T20:27:12 IST" duration-ms="270" status="PASS">
          <reporter-output>
          </reporter-output>
        </test-method> <!-- afterMethod -->
        <test-method is-config="true" signature="beforeMethod()[pri:0, instance:rediffpomTest.Login_HmapExternalDataDriven@543588e6]" started-at="2021-11-16T20:27:12 IST" name="beforeMethod" finished-at="2021-11-16T20:27:12 IST" duration-ms="21" status="PASS">
          <reporter-output>
          </reporter-output>
        </test-method> <!-- beforeMethod -->
        <test-method signature="f(java.util.HashMap)[pri:0, instance:rediffpomTest.Login_HmapExternalDataDriven@543588e6]" started-at="2021-11-16T20:27:12 IST" name="f" data-provider="dp" finished-at="2021-11-16T20:27:20 IST" duration-ms="8283" status="PASS">
          <params>
            <param index="0">
              <value>
                <![CDATA[{UserName=Steve2, Password=Apple6}]]>
              </value>
            </param>
          </params>
          <reporter-output>
          </reporter-output>
        </test-method> <!-- f -->
        <test-method is-config="true" signature="afterMethod()[pri:0, instance:rediffpomTest.Login_HmapExternalDataDriven@543588e6]" started-at="2021-11-16T20:27:20 IST" name="afterMethod" finished-at="2021-11-16T20:27:21 IST" duration-ms="212" status="PASS">
          <reporter-output>
          </reporter-output>
        </test-method> <!-- afterMethod -->
        <test-method is-config="true" signature="beforeMethod()[pri:0, instance:rediffpomTest.Login_HmapExternalDataDriven@543588e6]" started-at="2021-11-16T20:27:21 IST" name="beforeMethod" finished-at="2021-11-16T20:27:21 IST" duration-ms="24" status="PASS">
          <reporter-output>
          </reporter-output>
        </test-method> <!-- beforeMethod -->
        <test-method signature="f(java.util.HashMap)[pri:0, instance:rediffpomTest.Login_HmapExternalDataDriven@543588e6]" started-at="2021-11-16T20:27:21 IST" name="f" data-provider="dp" finished-at="2021-11-16T20:28:17 IST" duration-ms="56854" status="PASS">
          <params>
            <param index="0">
              <value>
                <![CDATA[{UserName=Steve3, Password=Apple7}]]>
              </value>
            </param>
          </params>
          <reporter-output>
          </reporter-output>
        </test-method> <!-- f -->
        <test-method is-config="true" signature="afterMethod()[pri:0, instance:rediffpomTest.Login_HmapExternalDataDriven@543588e6]" started-at="2021-11-16T20:28:17 IST" name="afterMethod" finished-at="2021-11-16T20:28:18 IST" duration-ms="219" status="PASS">
          <reporter-output>
          </reporter-output>
        </test-method> <!-- afterMethod -->
        <test-method is-config="true" signature="beforeMethod()[pri:0, instance:rediffpomTest.Login_HmapExternalDataDriven@543588e6]" started-at="2021-11-16T20:28:18 IST" name="beforeMethod" finished-at="2021-11-16T20:28:18 IST" duration-ms="20" status="PASS">
          <reporter-output>
          </reporter-output>
        </test-method> <!-- beforeMethod -->
        <test-method signature="f(java.util.HashMap)[pri:0, instance:rediffpomTest.Login_HmapExternalDataDriven@543588e6]" started-at="2021-11-16T20:28:18 IST" name="f" data-provider="dp" finished-at="2021-11-16T20:28:27 IST" duration-ms="8864" status="PASS">
          <params>
            <param index="0">
              <value>
                <![CDATA[{UserName=Steve4, Password=Apple8}]]>
              </value>
            </param>
          </params>
          <reporter-output>
          </reporter-output>
        </test-method> <!-- f -->
        <test-method is-config="true" signature="afterMethod()[pri:0, instance:rediffpomTest.Login_HmapExternalDataDriven@543588e6]" started-at="2021-11-16T20:28:27 IST" name="afterMethod" finished-at="2021-11-16T20:28:27 IST" duration-ms="218" status="PASS">
          <reporter-output>
          </reporter-output>
        </test-method> <!-- afterMethod -->
        <test-method is-config="true" signature="beforeMethod()[pri:0, instance:rediffpomTest.Login_HmapExternalDataDriven@543588e6]" started-at="2021-11-16T20:28:27 IST" name="beforeMethod" finished-at="2021-11-16T20:28:27 IST" duration-ms="17" status="PASS">
          <reporter-output>
          </reporter-output>
        </test-method> <!-- beforeMethod -->
        <test-method signature="f(java.util.HashMap)[pri:0, instance:rediffpomTest.Login_HmapExternalDataDriven@543588e6]" started-at="2021-11-16T20:28:27 IST" name="f" data-provider="dp" finished-at="2021-11-16T20:28:56 IST" duration-ms="29623" status="PASS">
          <params>
            <param index="0">
              <value>
                <![CDATA[{UserName=Steve5, Password=123456.0}]]>
              </value>
            </param>
          </params>
          <reporter-output>
          </reporter-output>
        </test-method> <!-- f -->
        <test-method is-config="true" signature="afterMethod()[pri:0, instance:rediffpomTest.Login_HmapExternalDataDriven@543588e6]" started-at="2021-11-16T20:28:56 IST" name="afterMethod" finished-at="2021-11-16T20:28:57 IST" duration-ms="227" status="PASS">
          <reporter-output>
          </reporter-output>
        </test-method> <!-- afterMethod -->
        <test-method is-config="true" signature="beforeMethod()[pri:0, instance:rediffpomTest.Login_HmapExternalDataDriven@543588e6]" started-at="2021-11-16T20:28:57 IST" name="beforeMethod" finished-at="2021-11-16T20:28:57 IST" duration-ms="18" status="PASS">
          <reporter-output>
          </reporter-output>
        </test-method> <!-- beforeMethod -->
        <test-method signature="f(java.util.HashMap)[pri:0, instance:rediffpomTest.Login_HmapExternalDataDriven@543588e6]" started-at="2021-11-16T20:28:57 IST" name="f" data-provider="dp" finished-at="2021-11-16T20:34:00 IST" duration-ms="303669" status="PASS">
          <params>
            <param index="0">
              <value>
                <![CDATA[{UserName=Steve6, Password=Apple10}]]>
              </value>
            </param>
          </params>
          <reporter-output>
          </reporter-output>
        </test-method> <!-- f -->
        <test-method is-config="true" signature="afterMethod()[pri:0, instance:rediffpomTest.Login_HmapExternalDataDriven@543588e6]" started-at="2021-11-16T20:34:00 IST" name="afterMethod" finished-at="2021-11-16T20:34:01 IST" duration-ms="279" status="PASS">
          <reporter-output>
          </reporter-output>
        </test-method> <!-- afterMethod -->
        <test-method is-config="true" signature="beforeMethod()[pri:0, instance:rediffpomTest.Login_HmapExternalDataDriven@543588e6]" started-at="2021-11-16T20:34:01 IST" name="beforeMethod" finished-at="2021-11-16T20:34:07 IST" duration-ms="5913" status="PASS">
          <reporter-output>
          </reporter-output>
        </test-method> <!-- beforeMethod -->
        <test-method signature="f(java.util.HashMap)[pri:0, instance:rediffpomTest.Login_HmapExternalDataDriven@543588e6]" started-at="2021-11-16T20:34:07 IST" name="f" data-provider="dp" finished-at="2021-11-16T20:34:19 IST" duration-ms="12240" status="PASS">
          <params>
            <param index="0">
              <value>
                <![CDATA[{UserName=Steve7, Password=Apple11}]]>
              </value>
            </param>
          </params>
          <reporter-output>
          </reporter-output>
        </test-method> <!-- f -->
        <test-method is-config="true" signature="afterMethod()[pri:0, instance:rediffpomTest.Login_HmapExternalDataDriven@543588e6]" started-at="2021-11-16T20:34:19 IST" name="afterMethod" finished-at="2021-11-16T20:34:19 IST" duration-ms="286" status="PASS">
          <reporter-output>
          </reporter-output>
        </test-method> <!-- afterMethod -->
        <test-method is-config="true" signature="beforeMethod()[pri:0, instance:rediffpomTest.Login_HmapExternalDataDriven@543588e6]" started-at="2021-11-16T20:34:19 IST" name="beforeMethod" finished-at="2021-11-16T20:34:19 IST" duration-ms="11" status="PASS">
          <reporter-output>
          </reporter-output>
        </test-method> <!-- beforeMethod -->
        <test-method signature="f(java.util.HashMap)[pri:0, instance:rediffpomTest.Login_HmapExternalDataDriven@543588e6]" started-at="2021-11-16T20:34:19 IST" name="f" data-provider="dp" finished-at="2021-11-16T20:34:52 IST" duration-ms="32467" status="PASS">
          <params>
            <param index="0">
              <value>
                <![CDATA[{UserName=Steve8, Password=Apple12}]]>
              </value>
            </param>
          </params>
          <reporter-output>
          </reporter-output>
        </test-method> <!-- f -->
        <test-method is-config="true" signature="afterMethod()[pri:0, instance:rediffpomTest.Login_HmapExternalDataDriven@543588e6]" started-at="2021-11-16T20:34:52 IST" name="afterMethod" finished-at="2021-11-16T20:34:52 IST" duration-ms="521" status="PASS">
          <reporter-output>
          </reporter-output>
        </test-method> <!-- afterMethod -->
        <test-method is-config="true" signature="beforeMethod()[pri:0, instance:rediffpomTest.Login_HmapExternalDataDriven@543588e6]" started-at="2021-11-16T20:34:52 IST" name="beforeMethod" finished-at="2021-11-16T20:34:52 IST" duration-ms="18" status="PASS">
          <reporter-output>
          </reporter-output>
        </test-method> <!-- beforeMethod -->
        <test-method signature="f(java.util.HashMap)[pri:0, instance:rediffpomTest.Login_HmapExternalDataDriven@543588e6]" started-at="2021-11-16T20:34:52 IST" name="f" data-provider="dp" finished-at="2021-11-16T20:35:01 IST" duration-ms="9341" status="PASS">
          <params>
            <param index="0">
              <value>
                <![CDATA[{UserName=Steve9, Password=Apple13}]]>
              </value>
            </param>
          </params>
          <reporter-output>
          </reporter-output>
        </test-method> <!-- f -->
        <test-method is-config="true" signature="afterMethod()[pri:0, instance:rediffpomTest.Login_HmapExternalDataDriven@543588e6]" started-at="2021-11-16T20:35:01 IST" name="afterMethod" finished-at="2021-11-16T20:35:02 IST" duration-ms="309" status="PASS">
          <reporter-output>
          </reporter-output>
        </test-method> <!-- afterMethod -->
      </class> <!-- rediffpomTest.Login_HmapExternalDataDriven -->
    </test> <!-- Default test -->
  </suite> <!-- Default suite -->
</testng-results>
